<?xml version="1.0" encoding="UTF-8"?>
<!-- Generated by org.testng.reporters.JUnitReportReporter -->
<testsuite skipped="0" hostname="DESKTOP-EAC6D0I" name="invalidTestCases.InvalidLogin" tests="2" failures="0" timestamp="05 Oct 2020 11:23:57 GMT" time="14.478" errors="0">
  <testcase name="NoCredentials" time="7.642" classname="invalidTestCases.InvalidLogin"/>
  <testcase name="InvalidCredentials" time="6.836" classname="invalidTestCases.InvalidLogin"/>
</testsuite> <!-- invalidTestCases.InvalidLogin -->
