<?xml version="1.0" encoding="UTF-8"?>
<!-- Generated by org.testng.reporters.JUnitReportReporter -->
<testsuite skipped="0" hostname="DESKTOP-EAC6D0I" name="validTestcases.ValidLogin" tests="4" failures="0" timestamp="05 Oct 2020 11:23:57 GMT" time="32.614" errors="0">
  <testcase name="validCredentials" time="24.456" classname="validTestcases.ValidLogin"/>
  <testcase name="viewMonitor" time="3.188" classname="validTestcases.ValidLogin"/>
  <testcase name="dropdownSelection" time="3.776" classname="validTestcases.ValidLogin"/>
  <testcase name="logOut" time="1.194" classname="validTestcases.ValidLogin"/>
</testsuite> <!-- validTestcases.ValidLogin -->
