<?xml version="1.0" encoding="UTF-8"?>
<!-- Generated by org.testng.reporters.JUnitReportReporter -->
<testsuite skipped="0" hostname="DESKTOP-EAC6D0I" name="invalidTestCases.InvalidLogin" tests="2" failures="0" timestamp="03 Oct 2020 18:06:43 GMT" time="20.554" errors="0">
  <testcase name="NoCredentials" time="16.252" classname="invalidTestCases.InvalidLogin"/>
  <testcase name="InvalidCredentials" time="4.302" classname="invalidTestCases.InvalidLogin"/>
</testsuite> <!-- invalidTestCases.InvalidLogin -->
