<?xml version="1.0" encoding="UTF-8"?>
<!-- Generated by org.testng.reporters.JUnitReportReporter -->
<testsuite skipped="0" hostname="DESKTOP-EAC6D0I" name="invalidTestCases.InvalidLogin" tests="2" failures="0" timestamp="05 Oct 2020 09:53:22 GMT" time="29.149" errors="0">
  <testcase name="NoCredentials" time="24.534" classname="invalidTestCases.InvalidLogin"/>
  <testcase name="InvalidCredentials" time="4.615" classname="invalidTestCases.InvalidLogin"/>
</testsuite> <!-- invalidTestCases.InvalidLogin -->
