<?xml version="1.0" encoding="UTF-8"?>
<!-- Generated by org.testng.reporters.JUnitReportReporter -->
<testsuite skipped="0" hostname="DESKTOP-EAC6D0I" name="osintMonTestCases.VerifyTitle" tests="1" failures="0" timestamp="04 Oct 2020 18:07:16 GMT" time="0.060" errors="0">
  <testcase name="verifyPageTitle" time="0.060" classname="osintMonTestCases.VerifyTitle"/>
</testsuite> <!-- osintMonTestCases.VerifyTitle -->
