<?xml version="1.0" encoding="UTF-8"?>
<!-- Generated by org.testng.reporters.JUnitReportReporter -->
<testsuite skipped="0" hostname="DESKTOP-EAC6D0I" name="osintMonTestCases.VerifyTitle" tests="1" failures="0" timestamp="02 Oct 2020 16:19:41 GMT" time="0.029" errors="0">
  <testcase name="verifyPageTitle" time="0.029" classname="osintMonTestCases.VerifyTitle"/>
</testsuite> <!-- osintMonTestCases.VerifyTitle -->
