<?xml version="1.0" encoding="UTF-8"?>
<!-- Generated by org.testng.reporters.JUnitReportReporter -->
<testsuite skipped="1" hostname="DESKTOP-EAC6D0I" name="osintMonTestCases.VerifyTitle$Title" tests="1" failures="0" timestamp="02 Oct 2020 16:15:06 GMT" time="0.000" errors="0">
  <testcase name="verifyPageTitle" time="0.000" classname="osintMonTestCases.VerifyTitle$Title">
    <skipped/>
  </testcase> <!-- verifyPageTitle -->
</testsuite> <!-- osintMonTestCases.VerifyTitle$Title -->
