<?xml version="1.0" encoding="UTF-8"?>
<!-- Generated by org.testng.reporters.JUnitReportReporter -->
<testsuite skipped="0" hostname="DESKTOP-EAC6D0I" name="invalidTestCases.InvalidLogin" tests="2" failures="0" timestamp="03 Oct 2020 17:28:45 GMT" time="9.986" errors="0">
  <testcase name="NoCredentials" time="5.662" classname="invalidTestCases.InvalidLogin"/>
  <testcase name="InvalidCredentials" time="4.324" classname="invalidTestCases.InvalidLogin"/>
</testsuite> <!-- invalidTestCases.InvalidLogin -->
