<?xml version="1.0" encoding="UTF-8"?>
<!-- Generated by org.testng.reporters.JUnitReportReporter -->
<testsuite skipped="0" hostname="DESKTOP-EAC6D0I" name="osintMonTestCases.VerifyTitle" tests="1" failures="0" timestamp="03 Oct 2020 17:28:45 GMT" time="0.037" errors="0">
  <testcase name="verifyPageTitle" time="0.037" classname="osintMonTestCases.VerifyTitle"/>
</testsuite> <!-- osintMonTestCases.VerifyTitle -->
