<?xml version="1.0" encoding="UTF-8"?>
<!-- Generated by org.testng.reporters.JUnitReportReporter -->
<testsuite skipped="0" hostname="DESKTOP-EAC6D0I" name="validTestcases.ValidLogin" tests="4" failures="0" timestamp="05 Oct 2020 09:53:22 GMT" time="24.884" errors="0">
  <testcase name="validCredentials" time="16.657" classname="validTestcases.ValidLogin"/>
  <testcase name="viewMonitor" time="3.891" classname="validTestcases.ValidLogin"/>
  <testcase name="dropdownSelection" time="3.274" classname="validTestcases.ValidLogin"/>
  <testcase name="logOut" time="1.062" classname="validTestcases.ValidLogin"/>
</testsuite> <!-- validTestcases.ValidLogin -->
